Using pre-set license
Built from '2020.3/staging' branch; Version is '2020.3.17f1 (a4537701e4ab) revision 10769271'; Using compiler version '192528614'; Build Type 'Release'
OS: 'Windows 10 Home; OS build 19043.1586; Version 2009; 64bit' Language: 'en' Physical Memory: 32718 MB
BatchMode: 1, IsHumanControllingUs: 0, StartBugReporterOnCrash: 0, Is64bit: 1, IsPro: 0

COMMAND LINE ARGUMENTS:
C:\Program Files\Unity\Hub\Editor\2020.3.17f1\Editor\Unity.exe
-adb2
-batchMode
-noUpm
-name
AssetImportWorker0
-projectPath
E:/Winter2022/GAME3011-PortfolioDev/GAME3011_A4_EthierMorgan
-logFile
Logs/AssetImportWorker0.log
-srvPort
59230
Successfully changed project path to: E:/Winter2022/GAME3011-PortfolioDev/GAME3011_A4_EthierMorgan
E:/Winter2022/GAME3011-PortfolioDev/GAME3011_A4_EthierMorgan
Using Asset Import Pipeline V2.
Refreshing native plugins compatible for Editor in 37.43 ms, found 3 plugins.
Preloading 0 native plugins for Editor in 0.00 ms.
Initialize engine version: 2020.3.17f1 (a4537701e4ab)
[Subsystems] Discovering subsystems at path C:/Program Files/Unity/Hub/Editor/2020.3.17f1/Editor/Data/Resources/UnitySubsystems
[Subsystems] Discovering subsystems at path E:/Winter2022/GAME3011-PortfolioDev/GAME3011_A4_EthierMorgan/Assets
GfxDevice: creating device client; threaded=0
Direct3D:
    Version:  Direct3D 11.0 [level 11.1]
    Renderer: AMD Radeon RX 6700 XT (ID=0x73df)
    Vendor:   
    VRAM:     12243 MB
    Driver:   30.0.14029.1011
Initialize mono
Mono path[0] = 'C:/Program Files/Unity/Hub/Editor/2020.3.17f1/Editor/Data/Managed'
Mono path[1] = 'C:/Program Files/Unity/Hub/Editor/2020.3.17f1/Editor/Data/MonoBleedingEdge/lib/mono/unityjit'
Mono config path = 'C:/Program Files/Unity/Hub/Editor/2020.3.17f1/Editor/Data/MonoBleedingEdge/etc'
Using monoOptions --debugger-agent=transport=dt_socket,embedding=1,server=y,suspend=n,address=127.0.0.1:56780
Begin MonoManager ReloadAssembly
Registering precompiled unity dll's ...
Register platform support module: C:/Program Files/Unity/Hub/Editor/2020.3.17f1/Editor/Data/PlaybackEngines/WebGLSupport/UnityEditor.WebGL.Extensions.dll
Register platform support module: C:/Program Files/Unity/Hub/Editor/2020.3.17f1/Editor/Data/PlaybackEngines/WindowsStandaloneSupport/UnityEditor.WindowsStandalone.Extensions.dll
Registered in 0.002276 seconds.
Native extension for WindowsStandalone target not found
Native extension for WebGL target not found
Refreshing native plugins compatible for Editor in 37.56 ms, found 3 plugins.
Preloading 0 native plugins for Editor in 0.00 ms.
Mono: successfully reloaded assembly
- Completed reload, in  1.532 seconds
Domain Reload Profiling:
	ReloadAssembly (1532ms)
		BeginReloadAssembly (43ms)
			ExecutionOrderSort (0ms)
			DisableScriptedObjects (0ms)
			BackupInstance (0ms)
			ReleaseScriptingObjects (0ms)
			CreateAndSetChildDomain (1ms)
		EndReloadAssembly (350ms)
			LoadAssemblies (41ms)
			RebuildTransferFunctionScriptingTraits (0ms)
			SetupTypeCache (129ms)
			ReleaseScriptCaches (0ms)
			RebuildScriptCaches (24ms)
			SetupLoadedEditorAssemblies (137ms)
				LogAssemblyErrors (0ms)
				InitializePlatformSupportModulesInManaged (4ms)
				SetLoadedEditorAssemblies (0ms)
				RefreshPlugins (38ms)
				BeforeProcessingInitializeOnLoad (13ms)
				ProcessInitializeOnLoadAttributes (62ms)
				ProcessInitializeOnLoadMethodAttributes (21ms)
				AfterProcessingInitializeOnLoad (0ms)
				EditorAssembliesLoaded (0ms)
			ExecutionOrderSort2 (0ms)
			AwakeInstancesAfterBackupRestoration (0ms)
Platform modules already initialized, skipping
Registering precompiled user dll's ...
Registered in 0.002461 seconds.
Begin MonoManager ReloadAssembly
Native extension for WindowsStandalone target not found
Native extension for WebGL target not found
Refreshing native plugins compatible for Editor in 37.13 ms, found 3 plugins.
Preloading 0 native plugins for Editor in 0.00 ms.
Mono: successfully reloaded assembly
- Completed reload, in  0.969 seconds
Domain Reload Profiling:
	ReloadAssembly (970ms)
		BeginReloadAssembly (121ms)
			ExecutionOrderSort (0ms)
			DisableScriptedObjects (4ms)
			BackupInstance (0ms)
			ReleaseScriptingObjects (0ms)
			CreateAndSetChildDomain (16ms)
		EndReloadAssembly (795ms)
			LoadAssemblies (70ms)
			RebuildTransferFunctionScriptingTraits (0ms)
			SetupTypeCache (236ms)
			ReleaseScriptCaches (1ms)
			RebuildScriptCaches (39ms)
			SetupLoadedEditorAssemblies (346ms)
				LogAssemblyErrors (0ms)
				InitializePlatformSupportModulesInManaged (4ms)
				SetLoadedEditorAssemblies (0ms)
				RefreshPlugins (37ms)
				BeforeProcessingInitializeOnLoad (65ms)
				ProcessInitializeOnLoadAttributes (224ms)
				ProcessInitializeOnLoadMethodAttributes (10ms)
				AfterProcessingInitializeOnLoad (6ms)
				EditorAssembliesLoaded (0ms)
			ExecutionOrderSort2 (0ms)
			AwakeInstancesAfterBackupRestoration (5ms)
Platform modules already initialized, skipping
========================================================================
Worker process is ready to serve import requests
Launched and connected shader compiler UnityShaderCompiler.exe after 0.04 seconds
Refreshing native plugins compatible for Editor in 0.55 ms, found 3 plugins.
Preloading 0 native plugins for Editor in 0.00 ms.
Unloading 2119 Unused Serialized files (Serialized files now loaded: 0)
System memory in use before: 95.8 MB.
System memory in use after: 95.9 MB.

Unloading 27 unused Assets to reduce memory usage. Loaded Objects now: 2553.
Total: 3.169600 ms (FindLiveObjects: 0.212200 ms CreateObjectMapping: 0.046900 ms MarkObjects: 2.841600 ms  DeleteObjects: 0.067700 ms)

AssetImportParameters requested are different than current active one (requested -> active):
  custom:framework-win-MediaFoundation: 216162199b28c13a410421893ffa2e32 -> 
  custom:video-decoder-ogg-theora: a1e56fd34408186e4bbccfd4996cb3dc -> 
  custom:container-muxer-webm: aa71ff27fc2769a1b78a27578f13a17b -> 
  custom:container-demuxer-webm: 4f35f7cbe854078d1ac9338744f61a02 -> 
  custom:container-demuxer-ogg: 62fdf1f143b41e24485cea50d1cbac27 -> 
  custom:video-encoder-webm-vp8: eb34c28f22e8b96e1ab97ce403110664 -> 
  custom:video-decoder-webm-vp8: 9c59270c3fd7afecdb556c50c9e8de78 -> 
  custom:audio-decoder-ogg-vorbis: bf7c407c2cedff20999df2af8eb42d56 -> 
  custom:audio-encoder-webm-vorbis: bf7c407c2cedff20999df2af8eb42d56 -> 
========================================================================
Received Import Request.
  path: Assets/Scenes
  artifactKey: Guid(9a6b986f30b55d5428dc717024144532) Importer(815301076,1909f56bfc062723c751e8b465ee728b)
Start importing Assets/Scenes using Guid(9a6b986f30b55d5428dc717024144532) Importer(815301076,1909f56bfc062723c751e8b465ee728b)  -> (artifact id: '13ffecbf2959f8faba742768c1449907') in 0.007841 seconds 
  Import took 0.010800 seconds .

========================================================================
Received Import Request.
  Time since last request: 2.033714 seconds.
  path: Assets/Scenes/Assignment3.unity
  artifactKey: Guid(5aab8c47d35b3f140bea74bfa5b454a1) Importer(815301076,1909f56bfc062723c751e8b465ee728b)
Start importing Assets/Scenes/Assignment3.unity using Guid(5aab8c47d35b3f140bea74bfa5b454a1) Importer(815301076,1909f56bfc062723c751e8b465ee728b)  -> (artifact id: '203402873d80268f35747e8611dbf56b') in 0.010982 seconds 
  Import took 0.014195 seconds .

========================================================================
Received Import Request.
  Time since last request: 6.642850 seconds.
  path: Assets/Scenes/Assignment3 1.unity
  artifactKey: Guid(051a9c058bb6efa4a9227babf3bffcab) Importer(815301076,1909f56bfc062723c751e8b465ee728b)
Start importing Assets/Scenes/Assignment3 1.unity using Guid(051a9c058bb6efa4a9227babf3bffcab) Importer(815301076,1909f56bfc062723c751e8b465ee728b)  -> (artifact id: 'bf37a2f9409eafc6e96359d038a6b7da') in 0.004709 seconds 
  Import took 0.007775 seconds .

========================================================================
Received Import Request.
  Time since last request: 6.439761 seconds.
  path: Assets/Scenes/Assignment4.unity
  artifactKey: Guid(051a9c058bb6efa4a9227babf3bffcab) Importer(815301076,1909f56bfc062723c751e8b465ee728b)
Start importing Assets/Scenes/Assignment4.unity using Guid(051a9c058bb6efa4a9227babf3bffcab) Importer(815301076,1909f56bfc062723c751e8b465ee728b)  -> (artifact id: 'a6c87579735a550ef9d42090347cf4d8') in 0.004673 seconds 
  Import took 0.007828 seconds .

========================================================================
Received Prepare
Registering precompiled user dll's ...
Registered in 0.002845 seconds.
Begin MonoManager ReloadAssembly
Native extension for WindowsStandalone target not found
Native extension for WebGL target not found
Refreshing native plugins compatible for Editor in 0.58 ms, found 3 plugins.
Preloading 0 native plugins for Editor in 0.00 ms.
Mono: successfully reloaded assembly
- Completed reload, in  0.896 seconds
Domain Reload Profiling:
	ReloadAssembly (897ms)
		BeginReloadAssembly (108ms)
			ExecutionOrderSort (0ms)
			DisableScriptedObjects (5ms)
			BackupInstance (0ms)
			ReleaseScriptingObjects (0ms)
			CreateAndSetChildDomain (33ms)
		EndReloadAssembly (733ms)
			LoadAssemblies (73ms)
			RebuildTransferFunctionScriptingTraits (0ms)
			SetupTypeCache (231ms)
			ReleaseScriptCaches (1ms)
			RebuildScriptCaches (35ms)
			SetupLoadedEditorAssemblies (310ms)
				LogAssemblyErrors (0ms)
				InitializePlatformSupportModulesInManaged (5ms)
				SetLoadedEditorAssemblies (0ms)
				RefreshPlugins (1ms)
				BeforeProcessingInitializeOnLoad (65ms)
				ProcessInitializeOnLoadAttributes (228ms)
				ProcessInitializeOnLoadMethodAttributes (5ms)
				AfterProcessingInitializeOnLoad (6ms)
				EditorAssembliesLoaded (0ms)
			ExecutionOrderSort2 (0ms)
			AwakeInstancesAfterBackupRestoration (8ms)
Platform modules already initialized, skipping
Refreshing native plugins compatible for Editor in 0.55 ms, found 3 plugins.
Preloading 0 native plugins for Editor in 0.00 ms.
Unloading 2095 Unused Serialized files (Serialized files now loaded: 0)
System memory in use before: 93.8 MB.
System memory in use after: 94.0 MB.

Unloading 16 unused Assets to reduce memory usage. Loaded Objects now: 2555.
Total: 3.135500 ms (FindLiveObjects: 0.260400 ms CreateObjectMapping: 0.047400 ms MarkObjects: 2.803900 ms  DeleteObjects: 0.022400 ms)

AssetImportParameters requested are different than current active one (requested -> active):
  custom:framework-win-MediaFoundation: 216162199b28c13a410421893ffa2e32 -> 
  custom:video-decoder-ogg-theora: a1e56fd34408186e4bbccfd4996cb3dc -> 
  custom:container-muxer-webm: aa71ff27fc2769a1b78a27578f13a17b -> 
  custom:container-demuxer-webm: 4f35f7cbe854078d1ac9338744f61a02 -> 
  custom:container-demuxer-ogg: 62fdf1f143b41e24485cea50d1cbac27 -> 
  custom:video-encoder-webm-vp8: eb34c28f22e8b96e1ab97ce403110664 -> 
  custom:video-decoder-webm-vp8: 9c59270c3fd7afecdb556c50c9e8de78 -> 
  custom:audio-decoder-ogg-vorbis: bf7c407c2cedff20999df2af8eb42d56 -> 
  custom:audio-encoder-webm-vorbis: bf7c407c2cedff20999df2af8eb42d56 -> 
========================================================================
Received Import Request.
  Time since last request: 3033.682977 seconds.
  path: Assets/Prefabs
  artifactKey: Guid(876b63c2939a3db4aa05f49eafea48f6) Importer(815301076,1909f56bfc062723c751e8b465ee728b)
Start importing Assets/Prefabs using Guid(876b63c2939a3db4aa05f49eafea48f6) Importer(815301076,1909f56bfc062723c751e8b465ee728b)  -> (artifact id: 'a0236bd2f121407e8503219f3b56f8d5') in 0.007659 seconds 
  Import took 0.011158 seconds .

========================================================================
Received Import Request.
  Time since last request: 0.002071 seconds.
  path: Assets/Prefabs/Grid.prefab
  artifactKey: Guid(0c0d90394b0af474793bc01661c2e84e) Importer(815301076,1909f56bfc062723c751e8b465ee728b)
Start importing Assets/Prefabs/Grid.prefab using Guid(0c0d90394b0af474793bc01661c2e84e) Importer(815301076,1909f56bfc062723c751e8b465ee728b)  -> (artifact id: '1388ba7b4492b7394d43c875044bd1d1') in 0.041619 seconds 
  Import took 0.045377 seconds .

========================================================================
Received Import Request.
  Time since last request: 0.000159 seconds.
  path: Assets/Prefabs/MiningNode.prefab
  artifactKey: Guid(632aa730fb91b4542bd0eecd64308d5d) Importer(815301076,1909f56bfc062723c751e8b465ee728b)
Start importing Assets/Prefabs/MiningNode.prefab using Guid(632aa730fb91b4542bd0eecd64308d5d) Importer(815301076,1909f56bfc062723c751e8b465ee728b)  -> (artifact id: '0053fd4bbe0e5d56d78d2f9ecf18710f') in 0.015859 seconds 
  Import took 0.018975 seconds .

========================================================================
Received Import Request.
  Time since last request: 0.000181 seconds.
  path: Assets/Prefabs/SwapNode.prefab
  artifactKey: Guid(d0a641c94ff8397498b7d8068bcd654c) Importer(815301076,1909f56bfc062723c751e8b465ee728b)
Start importing Assets/Prefabs/SwapNode.prefab using Guid(d0a641c94ff8397498b7d8068bcd654c) Importer(815301076,1909f56bfc062723c751e8b465ee728b)  -> (artifact id: '609f4cdaad9c99174485e7156a172fa1') in 0.011059 seconds 
  Import took 0.014408 seconds .

========================================================================
Received Import Request.
  Time since last request: 0.000158 seconds.
  path: Assets/Prefabs/Row.prefab
  artifactKey: Guid(d4e4d30d3e3b0ba4bbcb54120a08174c) Importer(815301076,1909f56bfc062723c751e8b465ee728b)
Start importing Assets/Prefabs/Row.prefab using Guid(d4e4d30d3e3b0ba4bbcb54120a08174c) Importer(815301076,1909f56bfc062723c751e8b465ee728b)  -> (artifact id: '78bb2b38fcdd65f39c3d69c6dc9a8429') in 0.006358 seconds 
  Import took 0.009164 seconds .

========================================================================
Received Import Request.
  Time since last request: 4.752017 seconds.
  path: Assets/Prefabs/A4
  artifactKey: Guid(aaeff03132e9843408337bfe2f45253b) Importer(815301076,1909f56bfc062723c751e8b465ee728b)
Start importing Assets/Prefabs/A4 using Guid(aaeff03132e9843408337bfe2f45253b) Importer(815301076,1909f56bfc062723c751e8b465ee728b)  -> (artifact id: '37729ba48bc93f6898973360591ecb4a') in 0.004728 seconds 
  Import took 0.008033 seconds .

========================================================================
Received Import Request.
  Time since last request: 2295.304144 seconds.
  path: Assets/Prefabs/A4/GameTile.prefab
  artifactKey: Guid(2ee6679a39c833f46a6ea7e2d6ca7b44) Importer(815301076,1909f56bfc062723c751e8b465ee728b)
Start importing Assets/Prefabs/A4/GameTile.prefab using Guid(2ee6679a39c833f46a6ea7e2d6ca7b44) Importer(815301076,1909f56bfc062723c751e8b465ee728b)  -> (artifact id: 'bd8e706d992ffa0a6c09637465abb050') in 0.009928 seconds 
  Import took 0.013574 seconds .

========================================================================
Received Import Request.
  Time since last request: 0.002043 seconds.
  path: Assets/Prefabs/A4/GameTile.prefab
  artifactKey: Guid(2ee6679a39c833f46a6ea7e2d6ca7b44) Importer(815301076,1909f56bfc062723c751e8b465ee728b)
Start importing Assets/Prefabs/A4/GameTile.prefab using Guid(2ee6679a39c833f46a6ea7e2d6ca7b44) Importer(815301076,1909f56bfc062723c751e8b465ee728b)  -> (artifact id: 'bd8e706d992ffa0a6c09637465abb050') in 0.003561 seconds 
  Import took 0.007054 seconds .

========================================================================
Received Import Request.
  Time since last request: 1958.851343 seconds.
  path: Assets/[Scripts]
  artifactKey: Guid(c28bdd4cb2626974f9bb13041db270b2) Importer(815301076,1909f56bfc062723c751e8b465ee728b)
Start importing Assets/[Scripts] using Guid(c28bdd4cb2626974f9bb13041db270b2) Importer(815301076,1909f56bfc062723c751e8b465ee728b)  -> (artifact id: '1d4e8e9ba31ce044a7bf127389e17c5c') in 0.005532 seconds 
  Import took 0.009295 seconds .

========================================================================
Received Import Request.
  Time since last request: 4.724154 seconds.
  path: Assets/[Scripts]/A4
  artifactKey: Guid(6455cf951837ddb4c929b96be47c0941) Importer(815301076,1909f56bfc062723c751e8b465ee728b)
Start importing Assets/[Scripts]/A4 using Guid(6455cf951837ddb4c929b96be47c0941) Importer(815301076,1909f56bfc062723c751e8b465ee728b)  -> (artifact id: 'f16c343125e489d2429a49c458978513') in 0.001754 seconds 
  Import took 0.004931 seconds .

========================================================================
Received Import Request.
  Time since last request: 10.845529 seconds.
  path: Assets/[Scripts]/A4/A4NodeBehaviour.cs
  artifactKey: Guid(47388446a77710a41a7b0a9a594b47e3) Importer(815301076,1909f56bfc062723c751e8b465ee728b)
Start importing Assets/[Scripts]/A4/A4NodeBehaviour.cs using Guid(47388446a77710a41a7b0a9a594b47e3) Importer(815301076,1909f56bfc062723c751e8b465ee728b)  -> (artifact id: '81a4ed22b0e83701e565f0e2901c2759') in 0.016944 seconds 
  Import took 0.021442 seconds .

========================================================================
Received Prepare
Registering precompiled user dll's ...
Registered in 0.002968 seconds.
Begin MonoManager ReloadAssembly
Native extension for WindowsStandalone target not found
Native extension for WebGL target not found
Refreshing native plugins compatible for Editor in 0.57 ms, found 3 plugins.
Preloading 0 native plugins for Editor in 0.00 ms.
Mono: successfully reloaded assembly
- Completed reload, in  0.906 seconds
Domain Reload Profiling:
	ReloadAssembly (907ms)
		BeginReloadAssembly (97ms)
			ExecutionOrderSort (0ms)
			DisableScriptedObjects (5ms)
			BackupInstance (0ms)
			ReleaseScriptingObjects (0ms)
			CreateAndSetChildDomain (32ms)
		EndReloadAssembly (756ms)
			LoadAssemblies (74ms)
			RebuildTransferFunctionScriptingTraits (0ms)
			SetupTypeCache (244ms)
			ReleaseScriptCaches (1ms)
			RebuildScriptCaches (38ms)
			SetupLoadedEditorAssemblies (312ms)
				LogAssemblyErrors (0ms)
				InitializePlatformSupportModulesInManaged (5ms)
				SetLoadedEditorAssemblies (0ms)
				RefreshPlugins (1ms)
				BeforeProcessingInitializeOnLoad (69ms)
				ProcessInitializeOnLoadAttributes (225ms)
				ProcessInitializeOnLoadMethodAttributes (5ms)
				AfterProcessingInitializeOnLoad (6ms)
				EditorAssembliesLoaded (0ms)
			ExecutionOrderSort2 (0ms)
			AwakeInstancesAfterBackupRestoration (8ms)
Platform modules already initialized, skipping
Refreshing native plugins compatible for Editor in 0.55 ms, found 3 plugins.
Preloading 0 native plugins for Editor in 0.00 ms.
Unloading 2096 Unused Serialized files (Serialized files now loaded: 0)
System memory in use before: 94.0 MB.
System memory in use after: 94.1 MB.

Unloading 18 unused Assets to reduce memory usage. Loaded Objects now: 2560.
Total: 2.990900 ms (FindLiveObjects: 0.241900 ms CreateObjectMapping: 0.048700 ms MarkObjects: 2.672200 ms  DeleteObjects: 0.027200 ms)

AssetImportParameters requested are different than current active one (requested -> active):
  custom:framework-win-MediaFoundation: 216162199b28c13a410421893ffa2e32 -> 
  custom:video-decoder-ogg-theora: a1e56fd34408186e4bbccfd4996cb3dc -> 
  custom:container-muxer-webm: aa71ff27fc2769a1b78a27578f13a17b -> 
  custom:container-demuxer-webm: 4f35f7cbe854078d1ac9338744f61a02 -> 
  custom:container-demuxer-ogg: 62fdf1f143b41e24485cea50d1cbac27 -> 
  custom:video-encoder-webm-vp8: eb34c28f22e8b96e1ab97ce403110664 -> 
  custom:video-decoder-webm-vp8: 9c59270c3fd7afecdb556c50c9e8de78 -> 
  custom:audio-decoder-ogg-vorbis: bf7c407c2cedff20999df2af8eb42d56 -> 
  custom:audio-encoder-webm-vorbis: bf7c407c2cedff20999df2af8eb42d56 -> 
========================================================================
Received Import Request.
  Time since last request: 1313.305433 seconds.
  path: Assets/[Scripts]/A4/A4NodeBehaviour.cs
  artifactKey: Guid(47388446a77710a41a7b0a9a594b47e3) Importer(815301076,1909f56bfc062723c751e8b465ee728b)
Start importing Assets/[Scripts]/A4/A4NodeBehaviour.cs using Guid(47388446a77710a41a7b0a9a594b47e3) Importer(815301076,1909f56bfc062723c751e8b465ee728b)  -> (artifact id: 'ed5379c237b42d3b54236b2c46142293') in 0.005768 seconds 
  Import took 0.009476 seconds .

